<?xml version="1.0" encoding="UTF-8" standalone="no"?>
<testsuite errors="0" failures="1" name="io.cucumber.core.plugin.JUnitFormatter" skipped="0" tests="1" time="12.53">
<testcase classname="Login page Feature" name="Validate login" time="12.296">
<failure message="Keys to send should be a not null CharSequence" type="java.lang.IllegalArgumentException"><![CDATA[Given User is on login Page and it is already resistered....................passed
Then Username field is displayed............................................passed
And Continue button is displayed............................................passed
When user enters Username...................................................passed
And Click on Continue button................................................passed
Then Password field is displayed............................................passed
And Amazon Logo is displayed................................................passed
And ForgotPassword link is displayed........................................passed
And Keep me signed in checkbox is displayed.................................passed
And Sign In button is displayed.............................................passed
When user enters Password...................................................failed
And Click on SignIn button..................................................skipped

StackTrace:
java.lang.IllegalArgumentException: Keys to send should be a not null CharSequence
	at org.openqa.selenium.remote.RemoteWebElement.sendKeys(RemoteWebElement.java:98)
	at sun.reflect.NativeMethodAccessorImpl.invoke0(Native Method)
	at sun.reflect.NativeMethodAccessorImpl.invoke(NativeMethodAccessorImpl.java:62)
	at sun.reflect.DelegatingMethodAccessorImpl.invoke(DelegatingMethodAccessorImpl.java:43)
	at java.lang.reflect.Method.invoke(Method.java:498)
	at org.openqa.selenium.support.pagefactory.internal.LocatingElementHandler.invoke(LocatingElementHandler.java:52)
	at com.sun.proxy.$Proxy24.sendKeys(Unknown Source)
	at org.AmazonPages.LoginPage.enterPassword(LoginPage.java:84)
	at org.stepDefination.LoginStepDef.user_enters_password(LoginStepDef.java:85)
	at âœ½.user enters Password(file:///F:/Acceleration/workplace/Feb_17_Cucumber/src/test/resources/org/feature/LoginPage.feature:15)
]]></failure>
</testcase>
</testsuite>
